main.obj : error LNK2019: glewInitmain 함수에서 참조되는 확인할 수 없는 외부 기호
main.obj : error LNK2019: glutInitWindowSizemain 함수에서 참조되는 확인할 수 없는 외부 기호
main.obj : error LNK2019: glutInitDisplayModemain 함수에서 참조되는 확인할 수 없는 외부 기호
main.obj : error LNK2019: glutMainLoopmain 함수에서 참조되는 확인할 수 없는 외부 기호
main.obj : error LNK2019: glutPostRedisplay"void __cdecl myIdle(void)" (?myIdle@@YAXXZ) 함수에서 참조되는 확인할 수 없는 외부 기호
main.obj : error LNK2019: glutSwapBuffers"void __cdecl myDisplay(void)" (?myDisplay@@YAXXZ) 함수에서 참조되는 확인할 수 없는 외부 기호
main.obj : error LNK2019: glutIdleFuncmain 함수에서 참조되는 확인할 수 없는 외부 기호
main.obj : error LNK2019: glutKeyboardFuncmain 함수에서 참조되는 확인할 수 없는 외부 기호
main.obj : error LNK2019: glutDisplayFuncmain 함수에서 참조되는 확인할 수 없는 외부 기호
main.obj : error LNK2019: __glutInitWithExitglutInit_ATEXIT_HACK 함수에서 참조되는 확인할 수 없는 외부 기호
main.obj : error LNK2019: __glutCreateWindowWithExitglutCreateWindow_ATEXIT_HACK 함수에서 참조되는 확인할 수 없는 외부 기호
main.obj : error LNK2001: 확인할 수 없는 외부 기호 __glewBindBuffer
main.obj : error LNK2001: 확인할 수 없는 외부 기호 __glewBufferData
main.obj : error LNK2001: 확인할 수 없는 외부 기호 __glewBufferSubData
main.obj : error LNK2001: 확인할 수 없는 외부 기호 __glewGenBuffers
main.obj : error LNK2001: 확인할 수 없는 외부 기호 __glewAttachShader
main.obj : error LNK2001: 확인할 수 없는 외부 기호 __glewCompileShader
main.obj : error LNK2001: 확인할 수 없는 외부 기호 __glewCreateProgram
main.obj : error LNK2001: 확인할 수 없는 외부 기호 __glewCreateShader
main.obj : error LNK2001: 확인할 수 없는 외부 기호 __glewEnableVertexAttribArray
main.obj : error LNK2001: 확인할 수 없는 외부 기호 __glewGetAttribLocation
main.obj : error LNK2001: 확인할 수 없는 외부 기호 __glewGetProgramInfoLog
main.obj : error LNK2001: 확인할 수 없는 외부 기호 __glewGetProgramiv
main.obj : error LNK2001: 확인할 수 없는 외부 기호 __glewGetShaderInfoLog
main.obj : error LNK2001: 확인할 수 없는 외부 기호 __glewGetShaderiv
main.obj : error LNK2001: 확인할 수 없는 외부 기호 __glewGetUniformLocation
main.obj : error LNK2001: 확인할 수 없는 외부 기호 __glewLinkProgram
main.obj : error LNK2001: 확인할 수 없는 외부 기호 __glewShaderSource
main.obj : error LNK2001: 확인할 수 없는 외부 기호 __glewUniform1f
main.obj : error LNK2001: 확인할 수 없는 외부 기호 __glewUseProgram
main.obj : error LNK2001: 확인할 수 없는 외부 기호 __glewVertexAttribPointer
main.obj : error LNK2001: 확인할 수 없는 외부 기호 __glewBindVertexArray
main.obj : error LNK2001: 확인할 수 없는 외부 기호 __glewGenVertexArrays
main.obj : error LNK2001: 확인할 수 없는 외부 기호 glewExperimental
C:\cg2\lib\glew_static_vs2010_d.lib : warning LNK4272: 'x86' 라이브러리 컴퓨터 종류가 'x64' 대상 컴퓨터 종류와 충돌합니다.
C:\cg2\lib\freeglut_static_vs2015_d.lib : warning LNK4272: 'x86' 라이브러리 컴퓨터 종류가 'x64' 대상 컴퓨터 종류와 충돌합니다.
C:\Users\fkdl0\Documents\University\23_2\Computer_Graphis\Project\RoataingCylinder\x64\Debug\RoataingCylinder.exe : fatal error LNK1120: 34개의 확인할 수 없는 외부 참조입니다.
