  main.cpp
C:\Users\fkdl0\Documents\University\23_2\Computer_Graphis\Project\MazeNavigator\MazeNavigator\MyUtil.h(49,14): warning C4244: '초기화 중': 'double'에서 'float'(으)로 변환하면서 데이터가 손실될 수 있습니다.
C:\Users\fkdl0\Documents\University\23_2\Computer_Graphis\Project\MazeNavigator\MazeNavigator\main.cpp(31,19): warning C4305: '초기화 중': 'double'에서 'float'(으)로 잘립니다.
C:\Users\fkdl0\Documents\University\23_2\Computer_Graphis\Project\MazeNavigator\MazeNavigator\main.cpp(39,77): warning C4244: '인수': 'double'에서 'GLfloat'(으)로 변환하면서 데이터가 손실될 수 있습니다.
C:\Users\fkdl0\Documents\University\23_2\Computer_Graphis\Project\MazeNavigator\MazeNavigator\main.cpp(39,46): warning C4244: '인수': 'double'에서 'GLfloat'(으)로 변환하면서 데이터가 손실될 수 있습니다.
C:\Users\fkdl0\Documents\University\23_2\Computer_Graphis\Project\MazeNavigator\MazeNavigator\main.cpp(45,27): warning C4244: '인수': 'int'에서 'const GLfloat'(으)로 변환하면서 데이터가 손실될 수 있습니다.
C:\Users\fkdl0\Documents\University\23_2\Computer_Graphis\Project\MazeNavigator\MazeNavigator\main.cpp(45,38): warning C4244: '인수': 'int'에서 'const GLfloat'(으)로 변환하면서 데이터가 손실될 수 있습니다.
C:\Users\fkdl0\Documents\University\23_2\Computer_Graphis\Project\MazeNavigator\MazeNavigator\main.cpp(98,10): warning C4244: '초기화 중': 'int'에서 'float'(으)로 변환하면서 데이터가 손실될 수 있습니다.
C:\Users\fkdl0\Documents\University\23_2\Computer_Graphis\Project\MazeNavigator\MazeNavigator\main.cpp(99,10): warning C4244: '초기화 중': 'int'에서 'float'(으)로 변환하면서 데이터가 손실될 수 있습니다.
C:\Users\fkdl0\Documents\University\23_2\Computer_Graphis\Project\MazeNavigator\MazeNavigator\main.cpp(103,68): warning C4305: '인수': 'double'에서 'const GLfloat'(으)로 잘립니다.
C:\Users\fkdl0\Documents\University\23_2\Computer_Graphis\Project\MazeNavigator\MazeNavigator\main.cpp(103,62): warning C4305: '인수': 'double'에서 'const GLfloat'(으)로 잘립니다.
C:\Users\fkdl0\Documents\University\23_2\Computer_Graphis\Project\MazeNavigator\MazeNavigator\main.cpp(110,65): warning C4305: '인수': 'double'에서 'const GLfloat'(으)로 잘립니다.
C:\Users\fkdl0\Documents\University\23_2\Computer_Graphis\Project\MazeNavigator\MazeNavigator\main.cpp(110,59): warning C4305: '인수': 'double'에서 'const GLfloat'(으)로 잘립니다.
C:\Users\fkdl0\Documents\University\23_2\Computer_Graphis\Project\MazeNavigator\MazeNavigator\main.cpp(139,17): warning C4305: '초기화 중': 'double'에서 'float'(으)로 잘립니다.
C:\Users\fkdl0\Documents\University\23_2\Computer_Graphis\Project\MazeNavigator\MazeNavigator\main.cpp(175,27): warning C4244: '인수': 'float'에서 'GLsizei'(으)로 변환하면서 데이터가 손실될 수 있습니다.
C:\Users\fkdl0\Documents\University\23_2\Computer_Graphis\Project\MazeNavigator\MazeNavigator\main.cpp(175,19): warning C4244: '인수': 'float'에서 'GLsizei'(으)로 변환하면서 데이터가 손실될 수 있습니다.
C:\Users\fkdl0\Documents\University\23_2\Computer_Graphis\Project\MazeNavigator\MazeNavigator\main.cpp(182,48): warning C4305: '인수': 'double'에서 'float'(으)로 잘립니다.
C:\Users\fkdl0\Documents\University\23_2\Computer_Graphis\Project\MazeNavigator\MazeNavigator\main.cpp(189,32): warning C4244: '인수': 'float'에서 'GLsizei'(으)로 변환하면서 데이터가 손실될 수 있습니다.
C:\Users\fkdl0\Documents\University\23_2\Computer_Graphis\Project\MazeNavigator\MazeNavigator\main.cpp(189,24): warning C4244: '인수': 'float'에서 'GLsizei'(으)로 변환하면서 데이터가 손실될 수 있습니다.
C:\Users\fkdl0\Documents\University\23_2\Computer_Graphis\Project\MazeNavigator\MazeNavigator\main.cpp(189,13): warning C4244: '인수': 'float'에서 'GLint'(으)로 변환하면서 데이터가 손실될 수 있습니다.
C:\Users\fkdl0\Documents\University\23_2\Computer_Graphis\Project\MazeNavigator\MazeNavigator\main.cpp(190,6): warning C4244: '=': 'int'에서 'float'(으)로 변환하면서 데이터가 손실될 수 있습니다.
C:\Users\fkdl0\Documents\University\23_2\Computer_Graphis\Project\MazeNavigator\MazeNavigator\main.cpp(222,11): warning C4244: '=': 'int'에서 'float'(으)로 변환하면서 데이터가 손실될 수 있습니다.
C:\Users\fkdl0\Documents\University\23_2\Computer_Graphis\Project\MazeNavigator\MazeNavigator\main.cpp(223,12): warning C4244: '=': 'int'에서 'float'(으)로 변환하면서 데이터가 손실될 수 있습니다.
C:\Users\fkdl0\Documents\University\23_2\Computer_Graphis\Project\MazeNavigator\MazeNavigator\main.cpp(233,29): warning C4244: '인수': 'float'에서 'int'(으)로 변환하면서 데이터가 손실될 수 있습니다.
C:\Users\fkdl0\Documents\University\23_2\Computer_Graphis\Project\MazeNavigator\MazeNavigator\main.cpp(233,21): warning C4244: '인수': 'float'에서 'int'(으)로 변환하면서 데이터가 손실될 수 있습니다.
  MazeNavigator.vcxproj -> C:\Users\fkdl0\Documents\University\23_2\Computer_Graphis\Project\MazeNavigator\Debug\MazeNavigator.exe
